::1 - - [21/May/2026 03:30:43] "GET / HTTP/1.1" 200 -
::1 - - [21/May/2026 03:30:45] "GET / HTTP/1.1" 200 -
::1 - - [21/May/2026 03:30:49] "GET / HTTP/1.1" 200 -
::1 - - [21/May/2026 03:31:20] "GET / HTTP/1.1" 200 -
::1 - - [21/May/2026 03:31:21] "GET / HTTP/1.1" 200 -
::1 - - [21/May/2026 03:31:26] "GET / HTTP/1.1" 200 -
::1 - - [21/May/2026 03:31:28] "GET / HTTP/1.1" 200 -
::1 - - [21/May/2026 03:31:30] "GET / HTTP/1.1" 200 -
::1 - - [21/May/2026 03:31:31] "GET / HTTP/1.1" 200 -
::1 - - [21/May/2026 03:31:33] "GET / HTTP/1.1" 200 -
::1 - - [21/May/2026 03:31:35] "GET / HTTP/1.1" 200 -
::1 - - [21/May/2026 03:31:56] "GET / HTTP/1.1" 200 -
::1 - - [21/May/2026 03:31:56] "GET / HTTP/1.1" 200 -
::1 - - [21/May/2026 03:31:56] "GET / HTTP/1.1" 200 -
::1 - - [21/May/2026 03:31:58] "GET / HTTP/1.1" 200 -
::1 - - [21/May/2026 03:35:06] "GET / HTTP/1.1" 200 -
::1 - - [21/May/2026 03:38:26] "GET / HTTP/1.1" 200 -
::1 - - [21/May/2026 03:43:19] "GET / HTTP/1.1" 200 -
::1 - - [21/May/2026 03:43:19] "GET /images/logo.png HTTP/1.1" 200 -
::1 - - [21/May/2026 03:43:19] "GET /images/icon-sides.svg HTTP/1.1" 200 -
::1 - - [21/May/2026 03:43:19] "GET /images/icon-sandwich.svg HTTP/1.1" 200 -
::1 - - [21/May/2026 03:43:19] "GET /images/icon-specialties.svg HTTP/1.1" 200 -
::1 - - [21/May/2026 03:43:19] "GET /menu-data.js HTTP/1.1" 200 -
::1 - - [21/May/2026 03:43:24] "GET /images/chicken_club.webp HTTP/1.1" 200 -
::1 - - [21/May/2026 03:43:24] "GET /images/cowboy_chicken.webp HTTP/1.1" 200 -
::1 - - [21/May/2026 03:43:27] "GET /images/chicken_fried_chicken_sub.jpg HTTP/1.1" 200 -
::1 - - [21/May/2026 03:43:28] "GET /images/steak_philly.jpg HTTP/1.1" 200 -
::1 - - [21/May/2026 03:43:29] "GET /images/chicken_philly.jpg HTTP/1.1" 200 -
::1 - - [21/May/2026 03:43:30] "GET /images/korean_pork_dumpling_tacos.jpg HTTP/1.1" 200 -
::1 - - [21/May/2026 03:43:32] "GET /images/loaded_bacon_fry.jpg HTTP/1.1" 200 -
::1 - - [21/May/2026 03:43:32] "GET /images/garlic_parm_fries.jpg HTTP/1.1" 200 -
::1 - - [21/May/2026 03:43:52] "GET / HTTP/1.1" 200 -
::1 - - [21/May/2026 03:49:48] "GET / HTTP/1.1" 200 -
::1 - - [21/May/2026 03:55:06] "GET / HTTP/1.1" 200 -
::1 - - [21/May/2026 04:00:02] "GET / HTTP/1.1" 200 -
::1 - - [21/May/2026 04:14:38] "GET / HTTP/1.1" 200 -
::1 - - [21/May/2026 04:15:02] "GET / HTTP/1.1" 200 -
::1 - - [21/May/2026 04:22:56] code 404, message File not found
::1 - - [21/May/2026 04:22:56] code 404, message File not found
::1 - - [21/May/2026 04:22:56] code 404, message File not found
::1 - - [21/May/2026 04:22:56] "GET /favicon.ico HTTP/1.1" 404 -
::1 - - [21/May/2026 04:22:56] "GET /apple-touch-icon-precomposed.png HTTP/1.1" 404 -
::1 - - [21/May/2026 04:22:56] "GET /apple-touch-icon.png HTTP/1.1" 404 -
::1 - - [21/May/2026 04:23:11] "GET / HTTP/1.1" 200 -
::1 - - [21/May/2026 04:23:13] "GET / HTTP/1.1" 200 -
::1 - - [21/May/2026 04:26:43] "GET / HTTP/1.1" 200 -
::1 - - [21/May/2026 04:26:51] "GET / HTTP/1.1" 200 -
::1 - - [21/May/2026 04:29:16] "HEAD / HTTP/1.1" 200 -
::1 - - [21/May/2026 04:29:19] "GET / HTTP/1.1" 200 -
::1 - - [21/May/2026 04:29:40] "GET / HTTP/1.1" 200 -
::1 - - [21/May/2026 04:30:22] "GET / HTTP/1.1" 200 -
::1 - - [21/May/2026 04:30:26] "GET / HTTP/1.1" 200 -
::1 - - [21/May/2026 05:00:23] "GET / HTTP/1.1" 200 -
::1 - - [21/May/2026 05:00:26] "GET / HTTP/1.1" 200 -
::1 - - [21/May/2026 05:12:29] "GET / HTTP/1.1" 200 -
::1 - - [21/May/2026 05:14:08] "GET /menu-data.js?t=1779358448 HTTP/1.1" 200 -
::1 - - [21/May/2026 05:14:15] "GET /menu-data.js?t=123 HTTP/1.1" 200 -
::1 - - [21/May/2026 05:14:15] code 404, message File not found
::1 - - [21/May/2026 05:14:15] "GET /favicon.ico HTTP/1.1" 404 -
::1 - - [21/May/2026 05:14:18] "GET / HTTP/1.1" 200 -
::1 - - [21/May/2026 05:14:25] "GET /menu-data.js?t=1779358465 HTTP/1.1" 200 -
::1 - - [21/May/2026 05:16:09] "GET / HTTP/1.1" 304 -
::1 - - [21/May/2026 05:16:57] "GET / HTTP/1.1" 200 -
::1 - - [21/May/2026 05:17:06] "GET / HTTP/1.1" 304 -
::1 - - [21/May/2026 05:17:39] "GET /?t=1 HTTP/1.1" 200 -
::1 - - [21/May/2026 05:17:59] "GET /?t=1 HTTP/1.1" 200 -
::1 - - [21/May/2026 05:18:03] "GET /?t=1 HTTP/1.1" 200 -
::1 - - [21/May/2026 05:23:52] "GET /?t=1 HTTP/1.1" 200 -
::1 - - [21/May/2026 05:23:53] "GET /menu-data.js?v=2 HTTP/1.1" 200 -
::1 - - [21/May/2026 05:23:54] "GET /images/generic_cookies.jpg HTTP/1.1" 200 -
::1 - - [21/May/2026 05:23:54] "GET /images/generic_salad.jpg HTTP/1.1" 200 -
::1 - - [21/May/2026 05:23:54] "GET /images/generic_water.jpg HTTP/1.1" 200 -
::1 - - [21/May/2026 05:23:54] "GET /images/generic_juice.jpg HTTP/1.1" 200 -
::1 - - [21/May/2026 05:24:01] "GET /images/plain_fries.avif HTTP/1.1" 200 -
::1 - - [21/May/2026 05:24:01] "GET /images/legacy/IMG_2627.WEBP HTTP/1.1" 200 -
::1 - - [21/May/2026 05:24:04] "GET /images/legacy/IMG_2621.WEBP HTTP/1.1" 200 -
::1 - - [21/May/2026 05:26:59] "GET /?t=1 HTTP/1.1" 200 -
::1 - - [21/May/2026 05:27:00] "GET /?t=1 HTTP/1.1" 200 -
::1 - - [21/May/2026 05:27:00] "GET /?t=1 HTTP/1.1" 200 -
::1 - - [21/May/2026 05:27:00] "GET /?t=1 HTTP/1.1" 200 -
::1 - - [21/May/2026 05:27:00] "GET /?t=1 HTTP/1.1" 200 -
::1 - - [21/May/2026 05:27:00] "GET /menu-data.js?v=3 HTTP/1.1" 200 -
::1 - - [21/May/2026 05:27:06] "GET /images/chicken_poppers.jpg HTTP/1.1" 200 -
::1 - - [21/May/2026 05:39:36] "GET /?t=1 HTTP/1.1" 200 -
::1 - - [21/May/2026 05:39:37] "GET /menu-data.js?v=6 HTTP/1.1" 200 -
::1 - - [21/May/2026 05:39:38] "GET /images/cookies.svg HTTP/1.1" 200 -
::1 - - [21/May/2026 05:39:38] "GET /images/bottled_water.svg HTTP/1.1" 200 -
::1 - - [21/May/2026 05:39:38] "GET /images/side_salad.svg HTTP/1.1" 200 -
::1 - - [21/May/2026 05:39:46] "GET /images/chicken_poppers.svg HTTP/1.1" 200 -
::1 - - [21/May/2026 05:52:56] "GET /?t=1 HTTP/1.1" 200 -
::1 - - [21/May/2026 05:52:57] "GET /images/icon-specialties.svg HTTP/1.1" 304 -
::1 - - [21/May/2026 05:52:57] "GET /images/icon-sides.svg HTTP/1.1" 304 -
::1 - - [21/May/2026 05:52:57] "GET /images/logo.png HTTP/1.1" 304 -
::1 - - [21/May/2026 05:52:57] "GET /images/icon-sandwich.svg HTTP/1.1" 304 -
::1 - - [21/May/2026 05:52:57] "GET /images/loaded_bacon_fry.jpg HTTP/1.1" 304 -
::1 - - [21/May/2026 05:52:58] "GET /images/garlic_parm_fries.jpg HTTP/1.1" 304 -
::1 - - [21/May/2026 05:53:00] "GET /images/korean_pork_dumpling_tacos.jpg HTTP/1.1" 304 -
::1 - - [21/May/2026 05:53:01] "GET /images/steak_philly.jpg HTTP/1.1" 304 -
::1 - - [21/May/2026 05:53:01] "GET /images/chicken_fried_chicken_sub.jpg HTTP/1.1" 304 -
::1 - - [21/May/2026 05:53:01] "GET /images/chicken_club.webp HTTP/1.1" 304 -
::1 - - [21/May/2026 05:53:01] "GET /images/cowboy_chicken.webp HTTP/1.1" 304 -
