[2026-06-24 03:22:48] 🔹 SYSTEM: 🚀 SAOS Fleet Orchestrator Daemon starting...
[2026-06-24 03:22:48] 🔹 SYSTEM: Fleet: 10 agents | Poll interval: 10s
[2026-06-24 03:22:48] 🔹 SYSTEM: Fleet seeded: 10 agents ready

════════════════════════════════════════════════════════════
  🛰️  SAOS FLEET STATUS
════════════════════════════════════════════════════════════

📋 TASK QUEUE:
   🔄 RUNNING: 1
   ❌ FAILED: 8
   💀 DEAD: 61
   ⏳ PENDING: 103
   ✅ DONE: 163

🤖 FLEET AGENTS (10 total):
   🛠️ 🟢 ASSEMBLY   | IDLE     | done=12 fail=0
   🗺️ 🟢 ATLAS      | IDLE     | done=0 fail=0
   💬 🟢 CHATTY     | IDLE     | done=0 fail=0
   💻 🟢 CODY       | IDLE     | done=3 fail=0
   🎨 🟢 GENI       | IDLE     | done=0 fail=0
   ⚖️ 🟢 JURIS      | IDLE     | done=0 fail=0
   🔮 🟢 ORACLE     | IDLE     | done=0 fail=0
   ⚠️ 🟢 PESSI      | IDLE     | done=2 fail=1
   🛰️ 🟢 SOL        | IDLE     | done=151 fail=230
   ✅ 🟢 VALI       | IDLE     | done=1 fail=0

📨 Unread messages: 0
════════════════════════════════════════════════════════════

[2026-06-24 03:22:48] 🛰️ SOL: Executing task #234 (client_request)
[2026-06-24 03:22:58] 🔹 SYSTEM: 🚀 SAOS Fleet Orchestrator Daemon starting...
[2026-06-24 03:22:58] 🔹 SYSTEM: Fleet: 10 agents | Poll interval: 10s
[2026-06-24 03:22:58] 🔹 SYSTEM: Fleet seeded: 10 agents ready

════════════════════════════════════════════════════════════
  🛰️  SAOS FLEET STATUS
════════════════════════════════════════════════════════════

📋 TASK QUEUE:
   🔄 RUNNING: 2
   ❌ FAILED: 8
   💀 DEAD: 61
   ⏳ PENDING: 102
   ✅ DONE: 163

🤖 FLEET AGENTS (10 total):
   🛠️ 🟢 ASSEMBLY   | IDLE     | done=12 fail=0
   🗺️ 🟢 ATLAS      | IDLE     | done=0 fail=0
   💬 🟢 CHATTY     | IDLE     | done=0 fail=0
   💻 🟢 CODY       | IDLE     | done=3 fail=0
   🎨 🟢 GENI       | IDLE     | done=0 fail=0
   ⚖️ 🟢 JURIS      | IDLE     | done=0 fail=0
   🔮 🟢 ORACLE     | IDLE     | done=0 fail=0
   ⚠️ 🟢 PESSI      | IDLE     | done=2 fail=1
   🛰️ 🔴 SOL        | BUSY     (task #234) | done=151 fail=230
   ✅ 🟢 VALI       | IDLE     | done=1 fail=0

📨 Unread messages: 0
════════════════════════════════════════════════════════════

[2026-06-24 03:22:58] 🛰️ SOL: Executing task #235 (client_request)

🛑 Received signal 15, shutting down gracefully...
[2026-06-24 03:23:09] 🛰️ SOL: Task #235 completed — status: completed
