🛰️  SAOS Customer Portal API starting on port 8768
   Endpoints:
   - GET /api/portal/status   (client fleet overview)
   - GET /api/portal/tasks    (client task history)
   - GET /api/portal/agents   (agent fleet status)
   - GET /api/portal/client   (account details)
   - GET /api/portal/health   (health check)

   Auth: ?client_id= query param or X-Client-ID header
 * Serving Flask app 'api'
 * Debug mode: off
🛰️  SAOS Customer Portal API starting on port 8768
   Endpoints:
   - GET /api/portal/status   (client fleet overview)
   - GET /api/portal/tasks    (client task history)
   - GET /api/portal/agents   (agent fleet status)
   - GET /api/portal/client   (account details)
   - GET /api/portal/health   (health check)

   Auth: ?client_id= query param or X-Client-ID header
 * Serving Flask app 'api'
 * Debug mode: off
🛰️  SAOS Customer Portal API starting on port 8768
   Endpoints:
   - GET /api/portal/status   (client fleet overview)
   - GET /api/portal/tasks    (client task history)
   - GET /api/portal/agents   (agent fleet status)
   - GET /api/portal/client   (account details)
   - GET /api/portal/health   (health check)

   Auth: ?client_id= query param or X-Client-ID header
 * Serving Flask app 'api'
 * Debug mode: off
🛰️  SAOS Customer Portal API starting on port 8768
   Endpoints:
   - GET /api/portal/status   (client fleet overview)
   - GET /api/portal/tasks    (client task history)
   - GET /api/portal/agents   (agent fleet status)
   - GET /api/portal/client   (account details)
   - GET /api/portal/health   (health check)

   Auth: ?client_id= query param or X-Client-ID header
 * Serving Flask app 'api'
 * Debug mode: off
🛰️  SAOS Customer Portal API starting on port 8768
   Endpoints:
   - GET /api/portal/status   (client fleet overview)
   - GET /api/portal/tasks    (client task history)
   - GET /api/portal/agents   (agent fleet status)
   - GET /api/portal/client   (account details)
   - GET /api/portal/health   (health check)

   Auth: ?client_id= query param or X-Client-ID header
 * Serving Flask app 'api'
 * Debug mode: off
🛰️  SAOS Customer Portal API starting on port 8768
   Endpoints:
   - GET /api/portal/status   (client fleet overview)
   - GET /api/portal/tasks    (client task history)
   - GET /api/portal/agents   (agent fleet status)
   - GET /api/portal/client   (account details)
   - GET /api/portal/health   (health check)

   Auth: ?client_id= query param or X-Client-ID header
 * Serving Flask app 'api'
 * Debug mode: off
🛰️  SAOS Customer Portal API starting on port 8768
   Endpoints:
   - GET /api/portal/status   (client fleet overview)
   - GET /api/portal/tasks    (client task history)
   - GET /api/portal/agents   (agent fleet status)
   - GET /api/portal/client   (account details)
   - GET /api/portal/health   (health check)

   Auth: ?client_id= query param or X-Client-ID header
 * Serving Flask app 'api'
 * Debug mode: off
🛰️  SAOS Customer Portal API starting on port 8768
   Endpoints:
   - GET /api/portal/status   (client fleet overview)
   - GET /api/portal/tasks    (client task history)
   - GET /api/portal/agents   (agent fleet status)
   - GET /api/portal/client   (account details)
   - GET /api/portal/health   (health check)

   Auth: ?client_id= query param or X-Client-ID header
 * Serving Flask app 'api'
 * Debug mode: off
🛰️  SAOS Customer Portal API starting on port 8768
   Endpoints:
   - GET /                  (dashboard HTML)
   - GET /api/portal/status (client fleet overview)
   - GET /api/portal/tasks (client task history)
   - GET /api/portal/agents (agent fleet status)
   - GET /api/portal/client (account details)
   - GET /api/portal/health (health check)

   Auth: ?client_id= query param or X-Client-ID header
 * Serving Flask app 'api'
 * Debug mode: off
🛰️  SAOS Customer Portal API starting on port 8768
   Endpoints:
   - GET /                  (dashboard HTML)
   - GET /api/portal/status (client fleet overview)
   - GET /api/portal/tasks (client task history)
   - GET /api/portal/agents (agent fleet status)
   - GET /api/portal/client (account details)
   - GET /api/portal/health (health check)

   Auth: ?client_id= query param or X-Client-ID header
 * Serving Flask app 'api'
 * Debug mode: off
🛰️  SAOS Customer Portal API v2.0 starting on port 8768
   Endpoints:
   - GET /                  (dashboard HTML)
   - POST /api/auth/login   (get Bearer token)
   - GET /api/portal/status (client fleet overview)
   - GET /api/chat/conversations (list chats)
   - POST /api/chat/conversations (create chat)
   - GET /api/chat/conversations/<id>/messages
   - POST /api/chat/conversations/<id>/messages
   - POST /api/chat/webhook/agent-response
   - GET /api/chat/poll

   Auth: Bearer <token> header
 * Serving Flask app 'api'
 * Debug mode: off
🛰️  SAOS Customer Portal API v2.0 starting on port 8768
   Endpoints:
   - GET /                  (dashboard HTML)
   - POST /api/auth/login   (get Bearer token)
   - GET /api/portal/status (client fleet overview)
   - GET /api/chat/conversations (list chats)
   - POST /api/chat/conversations (create chat)
   - GET /api/chat/conversations/<id>/messages
   - POST /api/chat/conversations/<id>/messages
   - POST /api/chat/webhook/agent-response
   - GET /api/chat/poll

   Auth: Bearer <token> header
 * Serving Flask app 'api'
 * Debug mode: off
🛰️  SAOS Customer Portal API v2.0 starting on port 8768
   Endpoints:
   - GET /                  (dashboard HTML)
   - POST /api/auth/login   (get Bearer token)
   - GET /api/portal/status (client fleet overview)
   - GET /api/chat/conversations (list chats)
   - POST /api/chat/conversations (create chat)
   - GET /api/chat/conversations/<id>/messages
   - POST /api/chat/conversations/<id>/messages
   - POST /api/chat/webhook/agent-response
   - GET /api/chat/poll

   Auth: Bearer <token> header
 * Serving Flask app 'api'
 * Debug mode: off
🛰️  SAOS Customer Portal API v2.0 starting on port 8768
   Endpoints:
   - GET /                  (dashboard HTML)
   - POST /api/auth/login   (get Bearer token)
   - GET /api/portal/status (client fleet overview)
   - GET /api/chat/conversations (list chats)
   - POST /api/chat/conversations (create chat)
   - GET /api/chat/conversations/<id>/messages
   - POST /api/chat/conversations/<id>/messages
   - POST /api/chat/webhook/agent-response
   - GET /api/chat/poll

   Auth: Bearer <token> header
 * Serving Flask app 'api'
 * Debug mode: off
🛰️  SAOS Customer Portal API v2.0 starting on port 8768
   Endpoints:
   - GET /                  (dashboard HTML)
   - POST /api/auth/login   (get Bearer token)
   - GET /api/portal/status (client fleet overview)
   - GET /api/chat/conversations (list chats)
   - POST /api/chat/conversations (create chat)
   - GET /api/chat/conversations/<id>/messages
   - POST /api/chat/conversations/<id>/messages
   - POST /api/chat/webhook/agent-response
   - GET /api/chat/poll

   Auth: Bearer <token> header
 * Serving Flask app 'api'
 * Debug mode: off
🛰️  SAOS Customer Portal API v2.0 starting on port 8768
   Endpoints:
   - GET /                  (dashboard HTML)
   - POST /api/auth/login   (get Bearer token)
   - GET /api/portal/status (client fleet overview)
   - GET /api/chat/conversations (list chats)
   - POST /api/chat/conversations (create chat)
   - GET /api/chat/conversations/<id>/messages
   - POST /api/chat/conversations/<id>/messages
   - POST /api/chat/webhook/agent-response
   - GET /api/chat/poll

   Auth: Bearer <token> header
 * Serving Flask app 'api'
 * Debug mode: off
